  precompile.cpp
  billboard.cpp
  bullet.cpp
  camera.cpp
  character.cpp
  debugproc.cpp
  effect.cpp
  enemy.cpp
  fade.cpp
  field.cpp
  game.cpp
  gauge.cpp
  idxmeshfield.cpp
  input.cpp
  light.cpp
  main.cpp
  manager.cpp
  mapobject.cpp
  model.cpp
  motion.cpp
  object.cpp
  コードを生成中...
  コンパイル中...
  object2D.cpp
  object3D.cpp
  objectX.cpp
  particle.cpp
  player.cpp
  renderer.cpp
  sound.cpp
  texture.cpp
  title.cpp
  tutorial.cpp
  useful.cpp
  wall.cpp
  コードを生成中...
  BladeKnight.vcxproj -> C:\Users\student\Desktop\Entry\中間ファイル\BladeKnight\Debug\BladeKnight.exe
